postgres | 2025-10-07 11:20:11.657 | chmod: changing permissions of '/var/lib/postgresql/data': Operation not permitted
postgres | 2025-10-07 11:20:11.896 | chmod: changing permissions of '/var/lib/postgresql/data': Operation not permitted
postgres | 2025-10-07 11:20:11.898 | 
postgres | 2025-10-07 11:20:11.898 | PostgreSQL Database directory appears to contain a database; Skipping initialization
postgres | 2025-10-07 11:20:11.898 | 
postgres | 2025-10-07 11:20:11.940 | 2025-10-07 04:20:11.940 UTC [1] LOG:  starting PostgreSQL 16.10 (Debian 16.10-1.pgdg13+1) on aarch64-unknown-linux-gnu, compiled by gcc (Debian 14.2.0-19) 14.2.0, 64-bit
postgres | 2025-10-07 11:20:11.941 | 2025-10-07 04:20:11.940 UTC [1] LOG:  listening on IPv4 address "0.0.0.0", port 5432
postgres | 2025-10-07 11:20:11.941 | 2025-10-07 04:20:11.940 UTC [1] LOG:  listening on IPv6 address "::", port 5432
postgres | 2025-10-07 11:20:11.942 | 2025-10-07 04:20:11.942 UTC [1] LOG:  listening on Unix socket "/var/run/postgresql/.s.PGSQL.5432"
postgres | 2025-10-07 11:20:11.947 | 2025-10-07 04:20:11.947 UTC [30] LOG:  database system was shut down at 2025-10-07 04:18:00 UTC
postgres | 2025-10-07 11:20:11.953 | 2025-10-07 04:20:11.953 UTC [1] LOG:  database system is ready to accept connections
langflow | 2025-10-07 11:20:18.586 | 
langflow | 2025-10-07 11:20:18.588 | □ Initializing Langflow...
langflow | 2025-10-07 11:20:18.588 | ✓ Initializing Langflow
langflow | 2025-10-07 11:20:18.588 | 
langflow | 2025-10-07 11:20:18.589 | ▢ Checking Environment...2025-10-07T04:20:18.588188Z [error    ] Failed to set secure permissions on secret key
langflow | 2025-10-07 11:20:18.742 | 
langflow | 2025-10-07 11:20:18.744 | ✓ Checking Environment
langflow | 2025-10-07 11:20:18.746 | 
langflow | 2025-10-07 11:20:18.747 | ▣ Starting Core Services...2025-10-07T04:20:18.745748Z [warning  ] DEPRECATION NOTICE: Starting in v1.7, CORS will be more restrictive by default. Current behavior allows all origins (*) with credentials enabled. Consider setting LANGFLOW_CORS_ORIGINS for production deployments. See documentation for secure CORS configuration.
langflow | 2025-10-07 11:20:18.746 | 2025-10-07T04:20:18.745912Z [warning  ] SECURITY NOTICE: Current CORS configuration allows all origins with credentials. In v1.7, credentials will be automatically disabled when using wildcard origins. Specify exact origins in LANGFLOW_CORS_ORIGINS to use credentials securely.
langflow | 2025-10-07 11:20:18.898 | 
langflow | 2025-10-07 11:20:18.899 | ✓ Starting Core Services
langflow | 2025-10-07 11:20:19.054 | 
langflow | 2025-10-07 11:20:19.055 | ■ Connecting Database...
langflow | 2025-10-07 11:20:19.055 | ✓ Connecting Database
langflow | 2025-10-07 11:20:19.206 | 
langflow | 2025-10-07 11:20:19.209 | □ Loading Components...
langflow | 2025-10-07 11:20:19.209 | ✓ Loading Components
langflow | 2025-10-07 11:20:19.361 | 
langflow | 2025-10-07 11:20:19.364 | ▢ Adding Starter Projects...
langflow | 2025-10-07 11:20:19.364 | ✓ Adding Starter Projects
postgres | 2025-10-07 11:20:19.883 | 2025-10-07 04:20:19.882 UTC [34] FATAL:  password authentication failed for user "langflow"
postgres | 2025-10-07 11:20:19.883 | 2025-10-07 04:20:19.882 UTC [34] DETAIL:  Connection matched file "/var/lib/postgresql/data/pg_hba.conf" line 128: "host all all all scram-sha-256"
langflow | 2025-10-07 11:20:19.883 | 
langflow | 2025-10-07 11:20:19.884 | ▣ Launching Langflow...
langflow | 2025-10-07 11:20:19.884 | ■ Launching Langflow...
langflow | 2025-10-07 11:20:19.884 | □ Launching Langflow...
langflow | 2025-10-07 11:20:19.884 | ▢ Launching Langflow...2025-10-07T04:20:19.883708Z [error    ] Database error during session scope: (psycopg.OperationalError) connection failed: connection to server at "172.26.0.2", port 5432 failed: FATAL:  password authentication failed for user "langflow"
langflow | 2025-10-07 11:20:19.883 | (Background on this error at: https://sqlalche.me/e/20/e3q8)
langflow | 2025-10-07 11:20:19.884 | 2025-10-07T04:20:19.884394Z [error    ] Error creating DB and tables  
langflow | 2025-10-07 11:20:19.884 | 2025-10-07T04:20:19.884521Z [error    ] Error creating DB and tables  
langflow | 2025-10-07 11:20:20.045 | 
langflow | 2025-10-07 11:20:20.046 | □ Stopping Server...
langflow | 2025-10-07 11:20:20.046 | ▣ Launching Langflow...
langflow | 2025-10-07 11:20:20.046 | ✓ Stopping Server
langflow | 2025-10-07 11:20:20.201 | 
langflow | 2025-10-07 11:20:20.202 | ▢ Cancelling Background Tasks...
langflow | 2025-10-07 11:20:20.202 | ■ Launching Langflow...
langflow | 2025-10-07 11:20:20.202 | ✓ Cancelling Background Tasks
langflow | 2025-10-07 11:20:30.218 | 
langflow | 2025-10-07 11:20:30.221 | ▣ Cleaning Up Services...
langflow | 2025-10-07 11:20:30.221 | □ Launching Langflow...
langflow | 2025-10-07 11:20:30.221 | ■ Cleaning Up Services...
langflow | 2025-10-07 11:20:30.221 | ▢ Launching Langflow...
langflow | 2025-10-07 11:20:30.221 | □ Cleaning Up Services...
langflow | 2025-10-07 11:20:30.221 | ▣ Launching Langflow...
langflow | 2025-10-07 11:20:30.221 | ▢ Cleaning Up Services...
langflow | 2025-10-07 11:20:30.221 | ■ Launching Langflow...
langflow | 2025-10-07 11:20:30.221 | ▣ Cleaning Up Services...
langflow | 2025-10-07 11:20:30.221 | □ Launching Langflow...
langflow | 2025-10-07 11:20:30.221 | ■ Cleaning Up Services...
langflow | 2025-10-07 11:20:30.221 | ▢ Launching Langflow...
langflow | 2025-10-07 11:20:30.221 | □ Cleaning Up Services...
langflow | 2025-10-07 11:20:30.221 | ▣ Launching Langflow...
langflow | 2025-10-07 11:20:30.221 | ▢ Cleaning Up Services...
langflow | 2025-10-07 11:20:30.221 | ■ Launching Langflow...
langflow | 2025-10-07 11:20:30.221 | ▣ Cleaning Up Services...
langflow | 2025-10-07 11:20:30.221 | □ Launching Langflow...
langflow | 2025-10-07 11:20:30.221 | ■ Cleaning Up Services...
langflow | 2025-10-07 11:20:30.221 | ▢ Launching Langflow...
langflow | 2025-10-07 11:20:30.221 | □ Cleaning Up Services...
langflow | 2025-10-07 11:20:30.221 | ▣ Launching Langflow...
langflow | 2025-10-07 11:20:30.221 | ▢ Cleaning Up Services...
langflow | 2025-10-07 11:20:30.221 | ■ Launching Langflow...
langflow | 2025-10-07 11:20:30.221 | ▣ Cleaning Up Services...
langflow | 2025-10-07 11:20:30.221 | □ Launching Langflow...
langflow | 2025-10-07 11:20:30.221 | ■ Cleaning Up Services...
langflow | 2025-10-07 11:20:30.221 | ▢ Launching Langflow...
langflow | 2025-10-07 11:20:30.221 | □ Cleaning Up Services...
langflow | 2025-10-07 11:20:30.221 | ▣ Launching Langflow...
langflow | 2025-10-07 11:20:30.221 | ▢ Cleaning Up Services...
langflow | 2025-10-07 11:20:30.221 | ■ Launching Langflow...
langflow | 2025-10-07 11:20:30.221 | ▣ Cleaning Up Services...
langflow | 2025-10-07 11:20:30.221 | □ Launching Langflow...
langflow | 2025-10-07 11:20:30.221 | ■ Cleaning Up Services...
langflow | 2025-10-07 11:20:30.221 | ▢ Launching Langflow...
langflow | 2025-10-07 11:20:30.221 | □ Cleaning Up Services...
langflow | 2025-10-07 11:20:30.221 | ▣ Launching Langflow...
langflow | 2025-10-07 11:20:30.221 | ▢ Cleaning Up Services...
langflow | 2025-10-07 11:20:30.221 | ■ Launching Langflow...
langflow | 2025-10-07 11:20:30.221 | ▣ Cleaning Up Services...
langflow | 2025-10-07 11:20:30.221 | □ Launching Langflow...
langflow | 2025-10-07 11:20:30.221 | ■ Cleaning Up Services...
langflow | 2025-10-07 11:20:30.221 | ▢ Launching Langflow...
langflow | 2025-10-07 11:20:30.221 | □ Cleaning Up Services...
langflow | 2025-10-07 11:20:30.221 | ▣ Launching Langflow...
langflow | 2025-10-07 11:20:30.222 | ▢ Cleaning Up Services...
langflow | 2025-10-07 11:20:30.222 | ■ Launching Langflow...
langflow | 2025-10-07 11:20:30.222 | ▣ Cleaning Up Services...
langflow | 2025-10-07 11:20:30.222 | □ Launching Langflow...
langflow | 2025-10-07 11:20:30.222 | ■ Cleaning Up Services...
langflow | 2025-10-07 11:20:30.222 | ▢ Launching Langflow...
langflow | 2025-10-07 11:20:30.222 | □ Cleaning Up Services...
langflow | 2025-10-07 11:20:30.222 | ▣ Launching Langflow...
langflow | 2025-10-07 11:20:30.222 | ▢ Cleaning Up Services...
langflow | 2025-10-07 11:20:30.222 | ■ Launching Langflow...
langflow | 2025-10-07 11:20:30.222 | ▣ Cleaning Up Services...
langflow | 2025-10-07 11:20:30.222 | □ Launching Langflow...
langflow | 2025-10-07 11:20:30.222 | ■ Cleaning Up Services...
langflow | 2025-10-07 11:20:30.222 | ▢ Launching Langflow...
langflow | 2025-10-07 11:20:30.222 | □ Cleaning Up Services...
langflow | 2025-10-07 11:20:30.222 | ▣ Launching Langflow...
langflow | 2025-10-07 11:20:30.222 | ▢ Cleaning Up Services...
langflow | 2025-10-07 11:20:30.222 | ■ Launching Langflow...
langflow | 2025-10-07 11:20:30.222 | ▣ Cleaning Up Services...
langflow | 2025-10-07 11:20:30.222 | □ Launching Langflow...
langflow | 2025-10-07 11:20:30.222 | ■ Cleaning Up Services...
langflow | 2025-10-07 11:20:30.222 | ▢ Launching Langflow...
langflow | 2025-10-07 11:20:30.222 | □ Cleaning Up Services...
langflow | 2025-10-07 11:20:30.222 | ▣ Launching Langflow...
langflow | 2025-10-07 11:20:30.222 | ▢ Cleaning Up Services...
langflow | 2025-10-07 11:20:30.222 | ■ Launching Langflow...
langflow | 2025-10-07 11:20:30.222 | ▣ Cleaning Up Services...
langflow | 2025-10-07 11:20:30.222 | □ Launching Langflow...
langflow | 2025-10-07 11:20:30.222 | ■ Cleaning Up Services...
langflow | 2025-10-07 11:20:30.222 | ▢ Launching Langflow...
langflow | 2025-10-07 11:20:30.222 | □ Cleaning Up Services...
langflow | 2025-10-07 11:20:30.222 | ▣ Launching Langflow...
langflow | 2025-10-07 11:20:30.222 | ▢ Cleaning Up Services...
langflow | 2025-10-07 11:20:30.222 | ■ Launching Langflow...
langflow | 2025-10-07 11:20:30.222 | ▣ Cleaning Up Services...
langflow | 2025-10-07 11:20:30.222 | □ Launching Langflow...
langflow | 2025-10-07 11:20:30.222 | ■ Cleaning Up Services...
langflow | 2025-10-07 11:20:30.222 | ▢ Launching Langflow...
langflow | 2025-10-07 11:20:30.222 | □ Cleaning Up Services...
langflow | 2025-10-07 11:20:30.222 | ▣ Launching Langflow...
langflow | 2025-10-07 11:20:30.222 | ▢ Cleaning Up Services...
langflow | 2025-10-07 11:20:30.222 | ■ Launching Langflow...
langflow | 2025-10-07 11:20:30.222 | ▣ Cleaning Up Services...
langflow | 2025-10-07 11:20:30.222 | □ Launching Langflow...
langflow | 2025-10-07 11:20:30.223 | ■ Cleaning Up Services...
langflow | 2025-10-07 11:20:30.223 | ▢ Launching Langflow...
langflow | 2025-10-07 11:20:30.223 | □ Cleaning Up Services...
langflow | 2025-10-07 11:20:30.223 | ▣ Launching Langflow...
langflow | 2025-10-07 11:20:30.223 | ▢ Cleaning Up Services...
langflow | 2025-10-07 11:20:30.223 | ■ Launching Langflow...
langflow | 2025-10-07 11:20:30.223 | ▣ Cleaning Up Services...
langflow | 2025-10-07 11:20:30.223 | □ Launching Langflow...
langflow | 2025-10-07 11:20:30.223 | ■ Cleaning Up Services...
langflow | 2025-10-07 11:20:30.223 | ▢ Launching Langflow...
langflow | 2025-10-07 11:20:30.223 | □ Cleaning Up Services...
langflow | 2025-10-07 11:20:30.223 | ▣ Launching Langflow...
langflow | 2025-10-07 11:20:30.223 | ▢ Cleaning Up Services...
langflow | 2025-10-07 11:20:30.223 | ■ Launching Langflow...
langflow | 2025-10-07 11:20:30.223 | ▣ Cleaning Up Services...
langflow | 2025-10-07 11:20:30.223 | □ Launching Langflow...
langflow | 2025-10-07 11:20:30.223 | ■ Cleaning Up Services...
langflow | 2025-10-07 11:20:30.223 | ▢ Launching Langflow...
langflow | 2025-10-07 11:20:30.223 | □ Cleaning Up Services...
langflow | 2025-10-07 11:20:30.223 | ▣ Launching Langflow...
langflow | 2025-10-07 11:20:30.223 | ▢ Cleaning Up Services...
langflow | 2025-10-07 11:20:30.223 | ■ Launching Langflow...
langflow | 2025-10-07 11:20:30.223 | ▣ Cleaning Up Services...
langflow | 2025-10-07 11:20:30.223 | □ Launching Langflow...
langflow | 2025-10-07 11:20:30.223 | ■ Cleaning Up Services...
langflow | 2025-10-07 11:20:30.223 | ▢ Launching Langflow...
langflow | 2025-10-07 11:20:30.223 | □ Cleaning Up Services...
langflow | 2025-10-07 11:20:30.223 | ▣ Launching Langflow...
langflow | 2025-10-07 11:20:30.223 | ▢ Cleaning Up Services...
langflow | 2025-10-07 11:20:30.223 | ■ Launching Langflow...
langflow | 2025-10-07 11:20:30.223 | ▣ Cleaning Up Services...
langflow | 2025-10-07 11:20:30.223 | □ Launching Langflow...
langflow | 2025-10-07 11:20:30.223 | ■ Cleaning Up Services...
langflow | 2025-10-07 11:20:30.223 | ▢ Launching Langflow...
langflow | 2025-10-07 11:20:30.223 | □ Cleaning Up Services...
langflow | 2025-10-07 11:20:30.223 | ▣ Launching Langflow...
langflow | 2025-10-07 11:20:30.223 | ▢ Cleaning Up Services...
langflow | 2025-10-07 11:20:30.223 | ■ Launching Langflow...
langflow | 2025-10-07 11:20:30.223 | ▣ Cleaning Up Services...
langflow | 2025-10-07 11:20:30.223 | □ Launching Langflow...
langflow | 2025-10-07 11:20:30.223 | ■ Cleaning Up Services...2025-10-07T04:20:30.217828Z [warning  ] Teardown services timed out.  
langflow | 2025-10-07 11:20:30.352 | 
langflow | 2025-10-07 11:20:30.354 | ▢ Launching Langflow...
langflow | 2025-10-07 11:20:30.354 | ✓ Cleaning Up Services
langflow | 2025-10-07 11:20:30.509 | 
langflow | 2025-10-07 11:20:30.510 | □ Clearing Temporary Files...
langflow | 2025-10-07 11:20:30.510 | ▣ Launching Langflow...
langflow | 2025-10-07 11:20:30.510 | ✓ Clearing Temporary Files
langflow | 2025-10-07 11:20:30.662 | 
langflow | 2025-10-07 11:20:30.663 | ▢ Finalizing Shutdown...
langflow | 2025-10-07 11:20:30.663 | ■ Launching Langflow...
langflow | 2025-10-07 11:20:30.663 | ✓ Finalizing Shutdown
langflow | 2025-10-07 11:20:30.670 | 2025-10-07T04:20:30.669535Z [error    ] Traceback (most recent call last):
langflow | 2025-10-07 11:20:30.670 |   File "/app/.venv/lib/python3.12/site-packages/sqlalchemy/engine/base.py", line 143, in __init__
langflow | 2025-10-07 11:20:30.670 |     self._dbapi_connection = engine.raw_connection()
langflow | 2025-10-07 11:20:30.670 |                              ^^^^^^^^^^^^^^^^^^^^^^^
langflow | 2025-10-07 11:20:30.670 |   File "/app/.venv/lib/python3.12/site-packages/sqlalchemy/engine/base.py", line 3301, in raw_connection
langflow | 2025-10-07 11:20:30.670 |     return self.pool.connect()
langflow | 2025-10-07 11:20:30.670 |            ^^^^^^^^^^^^^^^^^^^
langflow | 2025-10-07 11:20:30.670 |   File "/app/.venv/lib/python3.12/site-packages/sqlalchemy/pool/base.py", line 447, in connect
langflow | 2025-10-07 11:20:30.670 |     return _ConnectionFairy._checkout(self)
langflow | 2025-10-07 11:20:30.670 |            ^^^^^^^^^^^^^^^^^^^^^^^^^^^^^^^^
langflow | 2025-10-07 11:20:30.670 |   File "/app/.venv/lib/python3.12/site-packages/sqlalchemy/pool/base.py", line 1264, in _checkout
langflow | 2025-10-07 11:20:30.670 |     fairy = _ConnectionRecord.checkout(pool)
langflow | 2025-10-07 11:20:30.670 |             ^^^^^^^^^^^^^^^^^^^^^^^^^^^^^^^^
langflow | 2025-10-07 11:20:30.670 |   File "/app/.venv/lib/python3.12/site-packages/sqlalchemy/pool/base.py", line 711, in checkout
langflow | 2025-10-07 11:20:30.670 |     rec = pool._do_get()
langflow | 2025-10-07 11:20:30.670 |           ^^^^^^^^^^^^^^
langflow | 2025-10-07 11:20:30.670 |   File "/app/.venv/lib/python3.12/site-packages/sqlalchemy/pool/impl.py", line 177, in _do_get
langflow | 2025-10-07 11:20:30.670 |     with util.safe_reraise():
langflow | 2025-10-07 11:20:30.670 |          ^^^^^^^^^^^^^^^^^^^
langflow | 2025-10-07 11:20:30.670 |   File "/app/.venv/lib/python3.12/site-packages/sqlalchemy/util/langhelpers.py", line 224, in __exit__
langflow | 2025-10-07 11:20:30.670 |     raise exc_value.with_traceback(exc_tb)
langflow | 2025-10-07 11:20:30.670 |   File "/app/.venv/lib/python3.12/site-packages/sqlalchemy/pool/impl.py", line 175, in _do_get
langflow | 2025-10-07 11:20:30.670 |     return self._create_connection()
langflow | 2025-10-07 11:20:30.670 |            ^^^^^^^^^^^^^^^^^^^^^^^^^
langflow | 2025-10-07 11:20:30.670 |   File "/app/.venv/lib/python3.12/site-packages/sqlalchemy/pool/base.py", line 388, in _create_connection
langflow | 2025-10-07 11:20:30.670 |     return _ConnectionRecord(self)
langflow | 2025-10-07 11:20:30.670 |            ^^^^^^^^^^^^^^^^^^^^^^^
langflow | 2025-10-07 11:20:30.670 |   File "/app/.venv/lib/python3.12/site-packages/sqlalchemy/pool/base.py", line 673, in __init__
langflow | 2025-10-07 11:20:30.670 |     self.__connect()
langflow | 2025-10-07 11:20:30.670 |   File "/app/.venv/lib/python3.12/site-packages/sqlalchemy/pool/base.py", line 899, in __connect
langflow | 2025-10-07 11:20:30.670 |     with util.safe_reraise():
langflow | 2025-10-07 11:20:30.670 |          ^^^^^^^^^^^^^^^^^^^
langflow | 2025-10-07 11:20:30.670 |   File "/app/.venv/lib/python3.12/site-packages/sqlalchemy/util/langhelpers.py", line 224, in __exit__
langflow | 2025-10-07 11:20:30.670 |     raise exc_value.with_traceback(exc_tb)
langflow | 2025-10-07 11:20:30.670 |   File "/app/.venv/lib/python3.12/site-packages/sqlalchemy/pool/base.py", line 895, in __connect
langflow | 2025-10-07 11:20:30.670 |     self.dbapi_connection = connection = pool._invoke_creator(self)
langflow | 2025-10-07 11:20:30.670 |                                          ^^^^^^^^^^^^^^^^^^^^^^^^^^
langflow | 2025-10-07 11:20:30.670 |   File "/app/.venv/lib/python3.12/site-packages/sqlalchemy/engine/create.py", line 661, in connect
langflow | 2025-10-07 11:20:30.670 |     return dialect.connect(*cargs, **cparams)
langflow | 2025-10-07 11:20:30.670 |            ^^^^^^^^^^^^^^^^^^^^^^^^^^^^^^^^^^
langflow | 2025-10-07 11:20:30.670 |   File "/app/.venv/lib/python3.12/site-packages/sqlalchemy/engine/default.py", line 629, in connect
langflow | 2025-10-07 11:20:30.670 |     return self.loaded_dbapi.connect(*cargs, **cparams)  # type: ignore[no-any-return]  # NOQA: E501
langflow | 2025-10-07 11:20:30.670 |            ^^^^^^^^^^^^^^^^^^^^^^^^^^^^^^^^^^^^^^^^^^^^
langflow | 2025-10-07 11:20:30.670 |   File "/app/.venv/lib/python3.12/site-packages/sqlalchemy/dialects/postgresql/psycopg.py", line 733, in connect
langflow | 2025-10-07 11:20:30.670 |     await_only(creator_fn(*arg, **kw))
langflow | 2025-10-07 11:20:30.670 |   File "/app/.venv/lib/python3.12/site-packages/sqlalchemy/util/_concurrency_py3k.py", line 132, in await_only
langflow | 2025-10-07 11:20:30.670 |     return current.parent.switch(awaitable)  # type: ignore[no-any-return,attr-defined] # noqa: E501
langflow | 2025-10-07 11:20:30.670 |            ^^^^^^^^^^^^^^^^^^^^^^^^^^^^^^^^
langflow | 2025-10-07 11:20:30.670 |   File "/app/.venv/lib/python3.12/site-packages/sqlalchemy/util/_concurrency_py3k.py", line 196, in greenlet_spawn
langflow | 2025-10-07 11:20:30.670 |     value = await result
langflow | 2025-10-07 11:20:30.670 |             ^^^^^^^^^^^^
langflow | 2025-10-07 11:20:30.670 |   File "/app/.venv/lib/python3.12/site-packages/psycopg/connection_async.py", line 140, in connect
langflow | 2025-10-07 11:20:30.670 |     raise last_ex.with_traceback(None)
langflow | 2025-10-07 11:20:30.670 | psycopg.OperationalError: connection failed: connection to server at "172.26.0.2", port 5432 failed: FATAL:  password authentication failed for user "langflow"
langflow | 2025-10-07 11:20:30.670 | 
langflow | 2025-10-07 11:20:30.670 | The above exception was the direct cause of the following exception:
langflow | 2025-10-07 11:20:30.670 | 
langflow | 2025-10-07 11:20:30.670 | Traceback (most recent call last):
langflow | 2025-10-07 11:20:30.670 |   File "/app/.venv/lib/python3.12/site-packages/langflow/services/database/utils.py", line 26, in initialize_database
langflow | 2025-10-07 11:20:30.670 |     await database_service.create_db_and_tables()
langflow | 2025-10-07 11:20:30.670 |   File "/app/.venv/lib/python3.12/site-packages/langflow/services/database/service.py", line 472, in create_db_and_tables
langflow | 2025-10-07 11:20:30.670 |     async with self.with_session() as session, session.bind.connect() as conn:
langflow | 2025-10-07 11:20:30.670 |                                                ^^^^^^^^^^^^^^^^^^^^^^
langflow | 2025-10-07 11:20:30.670 |   File "/app/.venv/lib/python3.12/site-packages/sqlalchemy/ext/asyncio/base.py", line 121, in __aenter__
langflow | 2025-10-07 11:20:30.670 |     return await self.start(is_ctxmanager=True)
langflow | 2025-10-07 11:20:30.670 |            ^^^^^^^^^^^^^^^^^^^^^^^^^^^^^^^^^^^^
langflow | 2025-10-07 11:20:30.670 |   File "/app/.venv/lib/python3.12/site-packages/sqlalchemy/ext/asyncio/engine.py", line 274, in start
langflow | 2025-10-07 11:20:30.670 |     await greenlet_spawn(self.sync_engine.connect)
langflow | 2025-10-07 11:20:30.670 |   File "/app/.venv/lib/python3.12/site-packages/sqlalchemy/util/_concurrency_py3k.py", line 201, in greenlet_spawn
langflow | 2025-10-07 11:20:30.670 |     result = context.throw(*sys.exc_info())
langflow | 2025-10-07 11:20:30.670 |              ^^^^^^^^^^^^^^^^^^^^^^^^^^^^^^
langflow | 2025-10-07 11:20:30.670 |   File "/app/.venv/lib/python3.12/site-packages/sqlalchemy/engine/base.py", line 3277, in connect
langflow | 2025-10-07 11:20:30.670 |     return self._connection_cls(self)
langflow | 2025-10-07 11:20:30.670 |            ^^^^^^^^^^^^^^^^^^^^^^^^^^
langflow | 2025-10-07 11:20:30.670 |   File "/app/.venv/lib/python3.12/site-packages/sqlalchemy/engine/base.py", line 145, in __init__
langflow | 2025-10-07 11:20:30.670 |     Connection._handle_dbapi_exception_noconnection(
langflow | 2025-10-07 11:20:30.670 |   File "/app/.venv/lib/python3.12/site-packages/sqlalchemy/engine/base.py", line 2440, in _handle_dbapi_exception_noconnection
langflow | 2025-10-07 11:20:30.670 |     raise sqlalchemy_exception.with_traceback(exc_info[2]) from e
langflow | 2025-10-07 11:20:30.670 |   File "/app/.venv/lib/python3.12/site-packages/sqlalchemy/engine/base.py", line 143, in __init__
langflow | 2025-10-07 11:20:30.670 |     self._dbapi_connection = engine.raw_connection()
langflow | 2025-10-07 11:20:30.670 |                              ^^^^^^^^^^^^^^^^^^^^^^^
langflow | 2025-10-07 11:20:30.670 |   File "/app/.venv/lib/python3.12/site-packages/sqlalchemy/engine/base.py", line 3301, in raw_connection
langflow | 2025-10-07 11:20:30.670 |     return self.pool.connect()
langflow | 2025-10-07 11:20:30.670 |            ^^^^^^^^^^^^^^^^^^^
langflow | 2025-10-07 11:20:30.670 |   File "/app/.venv/lib/python3.12/site-packages/sqlalchemy/pool/base.py", line 447, in connect
langflow | 2025-10-07 11:20:30.670 |     return _ConnectionFairy._checkout(self)
langflow | 2025-10-07 11:20:30.670 |            ^^^^^^^^^^^^^^^^^^^^^^^^^^^^^^^^
langflow | 2025-10-07 11:20:30.670 |   File "/app/.venv/lib/python3.12/site-packages/sqlalchemy/pool/base.py", line 1264, in _checkout
langflow | 2025-10-07 11:20:30.670 |     fairy = _ConnectionRecord.checkout(pool)
langflow | 2025-10-07 11:20:30.670 |             ^^^^^^^^^^^^^^^^^^^^^^^^^^^^^^^^
langflow | 2025-10-07 11:20:30.670 |   File "/app/.venv/lib/python3.12/site-packages/sqlalchemy/pool/base.py", line 711, in checkout
langflow | 2025-10-07 11:20:30.670 |     rec = pool._do_get()
langflow | 2025-10-07 11:20:30.670 |           ^^^^^^^^^^^^^^
langflow | 2025-10-07 11:20:30.670 |   File "/app/.venv/lib/python3.12/site-packages/sqlalchemy/pool/impl.py", line 177, in _do_get
langflow | 2025-10-07 11:20:30.670 |     with util.safe_reraise():
langflow | 2025-10-07 11:20:30.670 |          ^^^^^^^^^^^^^^^^^^^
langflow | 2025-10-07 11:20:30.670 |   File "/app/.venv/lib/python3.12/site-packages/sqlalchemy/util/langhelpers.py", line 224, in __exit__
langflow | 2025-10-07 11:20:30.670 |     raise exc_value.with_traceback(exc_tb)
langflow | 2025-10-07 11:20:30.670 |   File "/app/.venv/lib/python3.12/site-packages/sqlalchemy/pool/impl.py", line 175, in _do_get
langflow | 2025-10-07 11:20:30.670 |     return self._create_connection()
langflow | 2025-10-07 11:20:30.670 |            ^^^^^^^^^^^^^^^^^^^^^^^^^
langflow | 2025-10-07 11:20:30.670 |   File "/app/.venv/lib/python3.12/site-packages/sqlalchemy/pool/base.py", line 388, in _create_connection
langflow | 2025-10-07 11:20:30.670 |     return _ConnectionRecord(self)
langflow | 2025-10-07 11:20:30.670 |            ^^^^^^^^^^^^^^^^^^^^^^^
langflow | 2025-10-07 11:20:30.670 |   File "/app/.venv/lib/python3.12/site-packages/sqlalchemy/pool/base.py", line 673, in __init__
langflow | 2025-10-07 11:20:30.670 |     self.__connect()
langflow | 2025-10-07 11:20:30.670 |   File "/app/.venv/lib/python3.12/site-packages/sqlalchemy/pool/base.py", line 899, in __connect
langflow | 2025-10-07 11:20:30.670 |     with util.safe_reraise():
langflow | 2025-10-07 11:20:30.670 |          ^^^^^^^^^^^^^^^^^^^
langflow | 2025-10-07 11:20:30.670 |   File "/app/.venv/lib/python3.12/site-packages/sqlalchemy/util/langhelpers.py", line 224, in __exit__
langflow | 2025-10-07 11:20:30.670 |     raise exc_value.with_traceback(exc_tb)
langflow | 2025-10-07 11:20:30.670 |   File "/app/.venv/lib/python3.12/site-packages/sqlalchemy/pool/base.py", line 895, in __connect
langflow | 2025-10-07 11:20:30.670 |     self.dbapi_connection = connection = pool._invoke_creator(self)
langflow | 2025-10-07 11:20:30.670 |                                          ^^^^^^^^^^^^^^^^^^^^^^^^^^
langflow | 2025-10-07 11:20:30.670 |   File "/app/.venv/lib/python3.12/site-packages/sqlalchemy/engine/create.py", line 661, in connect
langflow | 2025-10-07 11:20:30.670 |     return dialect.connect(*cargs, **cparams)
langflow | 2025-10-07 11:20:30.670 |            ^^^^^^^^^^^^^^^^^^^^^^^^^^^^^^^^^^
langflow | 2025-10-07 11:20:30.670 |   File "/app/.venv/lib/python3.12/site-packages/sqlalchemy/engine/default.py", line 629, in connect
langflow | 2025-10-07 11:20:30.670 |     return self.loaded_dbapi.connect(*cargs, **cparams)  # type: ignore[no-any-return]  # NOQA: E501
langflow | 2025-10-07 11:20:30.670 |            ^^^^^^^^^^^^^^^^^^^^^^^^^^^^^^^^^^^^^^^^^^^^
langflow | 2025-10-07 11:20:30.670 |   File "/app/.venv/lib/python3.12/site-packages/sqlalchemy/dialects/postgresql/psycopg.py", line 733, in connect
langflow | 2025-10-07 11:20:30.670 |     await_only(creator_fn(*arg, **kw))
langflow | 2025-10-07 11:20:30.670 |   File "/app/.venv/lib/python3.12/site-packages/sqlalchemy/util/_concurrency_py3k.py", line 132, in await_only
langflow | 2025-10-07 11:20:30.670 |     return current.parent.switch(awaitable)  # type: ignore[no-any-return,attr-defined] # noqa: E501
langflow | 2025-10-07 11:20:30.670 |            ^^^^^^^^^^^^^^^^^^^^^^^^^^^^^^^^
langflow | 2025-10-07 11:20:30.670 |   File "/app/.venv/lib/python3.12/site-packages/sqlalchemy/util/_concurrency_py3k.py", line 196, in greenlet_spawn
langflow | 2025-10-07 11:20:30.670 |     value = await result
langflow | 2025-10-07 11:20:30.670 |             ^^^^^^^^^^^^
langflow | 2025-10-07 11:20:30.670 |   File "/app/.venv/lib/python3.12/site-packages/psycopg/connection_async.py", line 140, in connect
langflow | 2025-10-07 11:20:30.670 |     raise last_ex.with_traceback(None)
langflow | 2025-10-07 11:20:30.670 | sqlalchemy.exc.OperationalError: (psycopg.OperationalError) connection failed: connection to server at "172.26.0.2", port 5432 failed: FATAL:  password authentication failed for user "langflow"
langflow | 2025-10-07 11:20:30.670 | (Background on this error at: https://sqlalche.me/e/20/e3q8)
langflow | 2025-10-07 11:20:30.670 | 
langflow | 2025-10-07 11:20:30.670 | The above exception was the direct cause of the following exception:
langflow | 2025-10-07 11:20:30.670 | 
langflow | 2025-10-07 11:20:30.670 | Traceback (most recent call last):
langflow | 2025-10-07 11:20:30.670 |   File "/app/.venv/lib/python3.12/site-packages/starlette/routing.py", line 694, in lifespan
langflow | 2025-10-07 11:20:30.670 |     async with self.lifespan_context(app) as maybe_state:
langflow | 2025-10-07 11:20:30.670 |                ^^^^^^^^^^^^^^^^^^^^^^^^^^
langflow | 2025-10-07 11:20:30.670 |   File "/usr/local/lib/python3.12/contextlib.py", line 210, in __aenter__
langflow | 2025-10-07 11:20:30.670 |     return await anext(self.gen)
langflow | 2025-10-07 11:20:30.670 |            ^^^^^^^^^^^^^^^^^^^^^
langflow | 2025-10-07 11:20:30.670 |   File "/app/.venv/lib/python3.12/site-packages/fastapi_pagination/api.py", line 351, in lifespan
langflow | 2025-10-07 11:20:30.670 |     async with _original_lifespan_context(app) as maybe_state:
langflow | 2025-10-07 11:20:30.670 |                ^^^^^^^^^^^^^^^^^^^^^^^^^^^^^^^
langflow | 2025-10-07 11:20:30.670 |   File "/usr/local/lib/python3.12/contextlib.py", line 210, in __aenter__
langflow | 2025-10-07 11:20:30.670 |     return await anext(self.gen)
langflow | 2025-10-07 11:20:30.670 |            ^^^^^^^^^^^^^^^^^^^^^
langflow | 2025-10-07 11:20:30.670 |   File "/app/.venv/lib/python3.12/site-packages/fastapi/routing.py", line 209, in merged_lifespan
langflow | 2025-10-07 11:20:30.670 |     async with original_context(app) as maybe_original_state:
langflow | 2025-10-07 11:20:30.670 |                ^^^^^^^^^^^^^^^^^^^^^
langflow | 2025-10-07 11:20:30.670 |   File "/usr/local/lib/python3.12/contextlib.py", line 210, in __aenter__
langflow | 2025-10-07 11:20:30.670 |     return await anext(self.gen)
langflow | 2025-10-07 11:20:30.670 |            ^^^^^^^^^^^^^^^^^^^^^
langflow | 2025-10-07 11:20:30.670 |   File "/app/.venv/lib/python3.12/site-packages/fastapi/routing.py", line 209, in merged_lifespan
langflow | 2025-10-07 11:20:30.670 |     async with original_context(app) as maybe_original_state:
langflow | 2025-10-07 11:20:30.670 |                ^^^^^^^^^^^^^^^^^^^^^
langflow | 2025-10-07 11:20:30.670 |   File "/usr/local/lib/python3.12/contextlib.py", line 210, in __aenter__
langflow | 2025-10-07 11:20:30.670 |     return await anext(self.gen)
langflow | 2025-10-07 11:20:30.670 |            ^^^^^^^^^^^^^^^^^^^^^
langflow | 2025-10-07 11:20:30.670 |   File "/app/.venv/lib/python3.12/site-packages/fastapi/routing.py", line 209, in merged_lifespan
langflow | 2025-10-07 11:20:30.670 |     async with original_context(app) as maybe_original_state:
langflow | 2025-10-07 11:20:30.670 |                ^^^^^^^^^^^^^^^^^^^^^
langflow | 2025-10-07 11:20:30.670 |   File "/usr/local/lib/python3.12/contextlib.py", line 210, in __aenter__
langflow | 2025-10-07 11:20:30.670 |     return await anext(self.gen)
langflow | 2025-10-07 11:20:30.670 |            ^^^^^^^^^^^^^^^^^^^^^
langflow | 2025-10-07 11:20:30.670 |   File "/app/.venv/lib/python3.12/site-packages/langflow/main.py", line 161, in lifespan
langflow | 2025-10-07 11:20:30.670 |     await initialize_services(fix_migration=fix_migration)
langflow | 2025-10-07 11:20:30.670 |   File "/app/.venv/lib/python3.12/site-packages/langflow/services/utils.py", line 235, in initialize_services
langflow | 2025-10-07 11:20:30.670 |     await initialize_database(fix_migration=fix_migration)
langflow | 2025-10-07 11:20:30.670 |   File "/app/.venv/lib/python3.12/site-packages/langflow/services/database/utils.py", line 33, in initialize_database
langflow | 2025-10-07 11:20:30.670 |     raise RuntimeError(msg) from exc
langflow | 2025-10-07 11:20:30.670 | RuntimeError: Error creating DB and tables
langflow | 2025-10-07 11:20:30.670 | 
langflow | 2025-10-07 11:20:30.670 | 2025-10-07T04:20:30.670020Z [error    ] Application startup failed. Exiting.
langflow | 2025-10-07 11:20:30.712 | 2025-10-07T04:20:30.710957Z [error    ] Worker (pid:37) exited with code 3
langflow | 2025-10-07 11:20:30.713 | 2025-10-07T04:20:30.713397Z [error    ] Shutting down: Master         
langflow | 2025-10-07 11:20:30.713 | 2025-10-07T04:20:30.713509Z [error    ] Reason: Worker failed to boot.